<?xml version="1.0" encoding="UTF-8"?>
<TestRun id="9420ad43-b145-4718-9a49-d1fb79be8bd6" name="Aaron@AARON-HP 2016-09-18 06:50:06" runUser="Aaron-HP\Aaron" xmlns="http://microsoft.com/schemas/VisualStudio/TeamTest/2010">
  <TestSettings name="Local" id="36464539-aa33-48c7-8b6d-88c60b435c89">
    <Description>These are default test settings for a local test run.</Description>
    <Deployment enabled="false" runDeploymentRoot="Aaron_AARON-HP 2016-09-18 06_50_06">
      <DeploymentItem filename="C:\Users\Aaron\documents\visual studio 2010\Projects\tripCalculator\tripCalculator\bin\Debug\tripCalculator.exe" />
    </Deployment>
    <Execution>
      <TestTypeSpecific />
      <AgentRule name="Execution Agents">
      </AgentRule>
    </Execution>
  </TestSettings>
  <Times creation="2016-09-18T06:50:06.7004414-07:00" queuing="2016-09-18T06:50:06.8410689-07:00" start="2016-09-18T06:50:06.8410689-07:00" finish="2016-09-18T06:50:07.4660918-07:00" />
  <ResultSummary outcome="Completed">
    <Counters total="13" executed="13" passed="13" error="0" failed="0" timeout="0" aborted="0" inconclusive="0" passedButRunAborted="0" notRunnable="0" notExecuted="0" disconnected="0" warning="0" completed="0" inProgress="0" pending="0" />
  </ResultSummary>
  <TestDefinitions>
    <UnitTest name="TestDollarAmountNintyNiveCentsReturnsTrue" storage="c:\users\aaron\documents\visual studio 2010\projects\tripcalculator\tripcalculatortest\bin\debug\tripcalculatortest.dll" id="038daf72-5fc0-b9fb-cfdb-770c3a8d9fa6">
      <Execution id="6eac46e9-ed49-4810-8da0-6fdde7aafddc" />
      <TestMethod codeBase="C:/Users/Aaron/documents/visual studio 2010/Projects/tripCalculator/tripCalculatorTest/bin/Debug/tripCalculatorTest.DLL" adapterTypeName="Microsoft.VisualStudio.TestTools.TestTypes.Unit.UnitTestAdapter, Microsoft.VisualStudio.QualityTools.Tips.UnitTest.Adapter, Version=10.0.0.0, Culture=neutral, PublicKeyToken=b03f5f7f11d50a3a" className="tripCalculatorTest.tripCalculatorTest, tripCalculatorTest, Version=1.0.0.0, Culture=neutral, PublicKeyToken=null" name="TestDollarAmountNintyNiveCentsReturnsTrue" />
    </UnitTest>
    <UnitTest name="TestDollarAmountOneDollarAndOneCentReturnsTrue" storage="c:\users\aaron\documents\visual studio 2010\projects\tripcalculator\tripcalculatortest\bin\debug\tripcalculatortest.dll" id="b442338f-ef7b-08b0-9cc8-0e18ee25498f">
      <Execution id="08efeeec-f820-47d8-96c4-06b44f1fab84" />
      <TestMethod codeBase="C:/Users/Aaron/documents/visual studio 2010/Projects/tripCalculator/tripCalculatorTest/bin/Debug/tripCalculatorTest.DLL" adapterTypeName="Microsoft.VisualStudio.TestTools.TestTypes.Unit.UnitTestAdapter, Microsoft.VisualStudio.QualityTools.Tips.UnitTest.Adapter, Version=10.0.0.0, Culture=neutral, PublicKeyToken=b03f5f7f11d50a3a" className="tripCalculatorTest.tripCalculatorTest, tripCalculatorTest, Version=1.0.0.0, Culture=neutral, PublicKeyToken=null" name="TestDollarAmountOneDollarAndOneCentReturnsTrue" />
    </UnitTest>
    <UnitTest name="TestIncorrectSpellingReturnsFalse" storage="c:\users\aaron\documents\visual studio 2010\projects\tripcalculator\tripcalculatortest\bin\debug\tripcalculatortest.dll" id="41d4b1fd-5db9-4984-0a52-230f88bb479f">
      <Execution id="fa86a0fc-56fa-4625-9f1c-46aa6c51303a" />
      <TestMethod codeBase="C:/Users/Aaron/documents/visual studio 2010/Projects/tripCalculator/tripCalculatorTest/bin/Debug/tripCalculatorTest.DLL" adapterTypeName="Microsoft.VisualStudio.TestTools.TestTypes.Unit.UnitTestAdapter, Microsoft.VisualStudio.QualityTools.Tips.UnitTest.Adapter, Version=10.0.0.0, Culture=neutral, PublicKeyToken=b03f5f7f11d50a3a" className="tripCalculatorTest.tripCalculatorTest, tripCalculatorTest, Version=1.0.0.0, Culture=neutral, PublicKeyToken=null" name="TestIncorrectSpellingReturnsFalse" />
    </UnitTest>
    <UnitTest name="TestDollarAmountNegativeNumberReturnsFalse" storage="c:\users\aaron\documents\visual studio 2010\projects\tripcalculator\tripcalculatortest\bin\debug\tripcalculatortest.dll" id="086cca26-41c7-6ef3-2c97-d63cfa95047f">
      <Execution id="c00d9ec0-76a9-4dc9-9195-1f92ebf62158" />
      <TestMethod codeBase="C:/Users/Aaron/documents/visual studio 2010/Projects/tripCalculator/tripCalculatorTest/bin/Debug/tripCalculatorTest.DLL" adapterTypeName="Microsoft.VisualStudio.TestTools.TestTypes.Unit.UnitTestAdapter, Microsoft.VisualStudio.QualityTools.Tips.UnitTest.Adapter, Version=10.0.0.0, Culture=neutral, PublicKeyToken=b03f5f7f11d50a3a" className="tripCalculatorTest.tripCalculatorTest, tripCalculatorTest, Version=1.0.0.0, Culture=neutral, PublicKeyToken=null" name="TestDollarAmountNegativeNumberReturnsFalse" />
    </UnitTest>
    <UnitTest name="TestBlankNameReturnsFalse" storage="c:\users\aaron\documents\visual studio 2010\projects\tripcalculator\tripcalculatortest\bin\debug\tripcalculatortest.dll" id="bd9a4a21-da79-584b-dca9-c78ee84d8e19">
      <Execution id="b8b910dc-1d51-4235-b419-0bb8f8aa0892" />
      <TestMethod codeBase="C:/Users/Aaron/documents/visual studio 2010/Projects/tripCalculator/tripCalculatorTest/bin/Debug/tripCalculatorTest.DLL" adapterTypeName="Microsoft.VisualStudio.TestTools.TestTypes.Unit.UnitTestAdapter, Microsoft.VisualStudio.QualityTools.Tips.UnitTest.Adapter, Version=10.0.0.0, Culture=neutral, PublicKeyToken=b03f5f7f11d50a3a" className="tripCalculatorTest.tripCalculatorTest, tripCalculatorTest, Version=1.0.0.0, Culture=neutral, PublicKeyToken=null" name="TestBlankNameReturnsFalse" />
    </UnitTest>
    <UnitTest name="TestDollarAmountCorrectNumbertReturnsTrue" storage="c:\users\aaron\documents\visual studio 2010\projects\tripcalculator\tripcalculatortest\bin\debug\tripcalculatortest.dll" id="cf1e06c4-c7ad-91a6-5e30-be18bd3a6d02">
      <Execution id="ec4e40da-4d0b-4b4f-b559-f4cdfb161419" />
      <TestMethod codeBase="C:/Users/Aaron/documents/visual studio 2010/Projects/tripCalculator/tripCalculatorTest/bin/Debug/tripCalculatorTest.DLL" adapterTypeName="Microsoft.VisualStudio.TestTools.TestTypes.Unit.UnitTestAdapter, Microsoft.VisualStudio.QualityTools.Tips.UnitTest.Adapter, Version=10.0.0.0, Culture=neutral, PublicKeyToken=b03f5f7f11d50a3a" className="tripCalculatorTest.tripCalculatorTest, tripCalculatorTest, Version=1.0.0.0, Culture=neutral, PublicKeyToken=null" name="TestDollarAmountCorrectNumbertReturnsTrue" />
    </UnitTest>
    <UnitTest name="TestDollarAmountNameReturnsFalse" storage="c:\users\aaron\documents\visual studio 2010\projects\tripcalculator\tripcalculatortest\bin\debug\tripcalculatortest.dll" id="d551d814-3ba6-9128-98e4-49734d633a16">
      <Execution id="77302099-e5b7-489e-9b1e-bfb8a6583951" />
      <TestMethod codeBase="C:/Users/Aaron/documents/visual studio 2010/Projects/tripCalculator/tripCalculatorTest/bin/Debug/tripCalculatorTest.DLL" adapterTypeName="Microsoft.VisualStudio.TestTools.TestTypes.Unit.UnitTestAdapter, Microsoft.VisualStudio.QualityTools.Tips.UnitTest.Adapter, Version=10.0.0.0, Culture=neutral, PublicKeyToken=b03f5f7f11d50a3a" className="tripCalculatorTest.tripCalculatorTest, tripCalculatorTest, Version=1.0.0.0, Culture=neutral, PublicKeyToken=null" name="TestDollarAmountNameReturnsFalse" />
    </UnitTest>
    <UnitTest name="TestPerPersonReturnsCorrectAmount" storage="c:\users\aaron\documents\visual studio 2010\projects\tripcalculator\tripcalculatortest\bin\debug\tripcalculatortest.dll" id="424a4713-93b4-1eb9-f6e8-98b490721233">
      <Execution id="cd40dbb3-989d-4a83-8a0b-1ad2491287b4" />
      <TestMethod codeBase="C:/Users/Aaron/documents/visual studio 2010/Projects/tripCalculator/tripCalculatorTest/bin/Debug/tripCalculatorTest.DLL" adapterTypeName="Microsoft.VisualStudio.TestTools.TestTypes.Unit.UnitTestAdapter, Microsoft.VisualStudio.QualityTools.Tips.UnitTest.Adapter, Version=10.0.0.0, Culture=neutral, PublicKeyToken=b03f5f7f11d50a3a" className="tripCalculatorTest.tripCalculatorTest, tripCalculatorTest, Version=1.0.0.0, Culture=neutral, PublicKeyToken=null" name="TestPerPersonReturnsCorrectAmount" />
    </UnitTest>
    <UnitTest name="TestDollarAmountBlankReturnsFalse" storage="c:\users\aaron\documents\visual studio 2010\projects\tripcalculator\tripcalculatortest\bin\debug\tripcalculatortest.dll" id="188cb59a-fb5c-a7e4-d23a-ef8a757c8248">
      <Execution id="1d9bc0f6-8ae5-42cf-a898-e9675dfdc1a0" />
      <TestMethod codeBase="C:/Users/Aaron/documents/visual studio 2010/Projects/tripCalculator/tripCalculatorTest/bin/Debug/tripCalculatorTest.DLL" adapterTypeName="Microsoft.VisualStudio.TestTools.TestTypes.Unit.UnitTestAdapter, Microsoft.VisualStudio.QualityTools.Tips.UnitTest.Adapter, Version=10.0.0.0, Culture=neutral, PublicKeyToken=b03f5f7f11d50a3a" className="tripCalculatorTest.tripCalculatorTest, tripCalculatorTest, Version=1.0.0.0, Culture=neutral, PublicKeyToken=null" name="TestDollarAmountBlankReturnsFalse" />
    </UnitTest>
    <UnitTest name="TestCorrectNameWorks" storage="c:\users\aaron\documents\visual studio 2010\projects\tripcalculator\tripcalculatortest\bin\debug\tripcalculatortest.dll" id="6f27d419-20f9-c965-146b-dd72865af8f0">
      <Execution id="bfe8157d-1bbb-4aa7-81cd-1bb43160d355" />
      <TestMethod codeBase="C:/Users/Aaron/documents/visual studio 2010/Projects/tripCalculator/tripCalculatorTest/bin/Debug/tripCalculatorTest.DLL" adapterTypeName="Microsoft.VisualStudio.TestTools.TestTypes.Unit.UnitTestAdapter, Microsoft.VisualStudio.QualityTools.Tips.UnitTest.Adapter, Version=10.0.0.0, Culture=neutral, PublicKeyToken=b03f5f7f11d50a3a" className="tripCalculatorTest.tripCalculatorTest, tripCalculatorTest, Version=1.0.0.0, Culture=neutral, PublicKeyToken=null" name="TestCorrectNameWorks" />
    </UnitTest>
    <UnitTest name="TestNameWithNumbersReturnsFalse" storage="c:\users\aaron\documents\visual studio 2010\projects\tripcalculator\tripcalculatortest\bin\debug\tripcalculatortest.dll" id="a46b5d79-db81-eb2b-e033-f652d3c531da">
      <Execution id="c7eaf5df-4e76-4b1c-ba40-b24dd70912d8" />
      <TestMethod codeBase="C:/Users/Aaron/documents/visual studio 2010/Projects/tripCalculator/tripCalculatorTest/bin/Debug/tripCalculatorTest.DLL" adapterTypeName="Microsoft.VisualStudio.TestTools.TestTypes.Unit.UnitTestAdapter, Microsoft.VisualStudio.QualityTools.Tips.UnitTest.Adapter, Version=10.0.0.0, Culture=neutral, PublicKeyToken=b03f5f7f11d50a3a" className="tripCalculatorTest.tripCalculatorTest, tripCalculatorTest, Version=1.0.0.0, Culture=neutral, PublicKeyToken=null" name="TestNameWithNumbersReturnsFalse" />
    </UnitTest>
    <UnitTest name="TestDollarAmountOneDollarReturnsTrue" storage="c:\users\aaron\documents\visual studio 2010\projects\tripcalculator\tripcalculatortest\bin\debug\tripcalculatortest.dll" id="f3287d0e-6a77-00cc-26b2-359f43264c29">
      <Execution id="86bbbac3-d140-4946-838e-a286445c9492" />
      <TestMethod codeBase="C:/Users/Aaron/documents/visual studio 2010/Projects/tripCalculator/tripCalculatorTest/bin/Debug/tripCalculatorTest.DLL" adapterTypeName="Microsoft.VisualStudio.TestTools.TestTypes.Unit.UnitTestAdapter, Microsoft.VisualStudio.QualityTools.Tips.UnitTest.Adapter, Version=10.0.0.0, Culture=neutral, PublicKeyToken=b03f5f7f11d50a3a" className="tripCalculatorTest.tripCalculatorTest, tripCalculatorTest, Version=1.0.0.0, Culture=neutral, PublicKeyToken=null" name="TestDollarAmountOneDollarReturnsTrue" />
    </UnitTest>
    <UnitTest name="TestDollarAmountZeroNumberReturnsTrue" storage="c:\users\aaron\documents\visual studio 2010\projects\tripcalculator\tripcalculatortest\bin\debug\tripcalculatortest.dll" id="72c3e3da-5cd1-9e58-afa0-e1459142a470">
      <Execution id="a294b044-a8cd-4c3e-92a2-475881a24312" />
      <TestMethod codeBase="C:/Users/Aaron/documents/visual studio 2010/Projects/tripCalculator/tripCalculatorTest/bin/Debug/tripCalculatorTest.DLL" adapterTypeName="Microsoft.VisualStudio.TestTools.TestTypes.Unit.UnitTestAdapter, Microsoft.VisualStudio.QualityTools.Tips.UnitTest.Adapter, Version=10.0.0.0, Culture=neutral, PublicKeyToken=b03f5f7f11d50a3a" className="tripCalculatorTest.tripCalculatorTest, tripCalculatorTest, Version=1.0.0.0, Culture=neutral, PublicKeyToken=null" name="TestDollarAmountZeroNumberReturnsTrue" />
    </UnitTest>
  </TestDefinitions>
  <TestLists>
    <TestList name="Results Not in a List" id="8c84fa94-04c1-424b-9868-57a2d4851a1d" />
    <TestList name="All Loaded Results" id="19431567-8539-422a-85d7-44ee4e166bda" />
  </TestLists>
  <TestEntries>
    <TestEntry testId="038daf72-5fc0-b9fb-cfdb-770c3a8d9fa6" executionId="6eac46e9-ed49-4810-8da0-6fdde7aafddc" testListId="8c84fa94-04c1-424b-9868-57a2d4851a1d" />
    <TestEntry testId="086cca26-41c7-6ef3-2c97-d63cfa95047f" executionId="c00d9ec0-76a9-4dc9-9195-1f92ebf62158" testListId="8c84fa94-04c1-424b-9868-57a2d4851a1d" />
    <TestEntry testId="188cb59a-fb5c-a7e4-d23a-ef8a757c8248" executionId="1d9bc0f6-8ae5-42cf-a898-e9675dfdc1a0" testListId="8c84fa94-04c1-424b-9868-57a2d4851a1d" />
    <TestEntry testId="41d4b1fd-5db9-4984-0a52-230f88bb479f" executionId="fa86a0fc-56fa-4625-9f1c-46aa6c51303a" testListId="8c84fa94-04c1-424b-9868-57a2d4851a1d" />
    <TestEntry testId="424a4713-93b4-1eb9-f6e8-98b490721233" executionId="cd40dbb3-989d-4a83-8a0b-1ad2491287b4" testListId="8c84fa94-04c1-424b-9868-57a2d4851a1d" />
    <TestEntry testId="6f27d419-20f9-c965-146b-dd72865af8f0" executionId="bfe8157d-1bbb-4aa7-81cd-1bb43160d355" testListId="8c84fa94-04c1-424b-9868-57a2d4851a1d" />
    <TestEntry testId="72c3e3da-5cd1-9e58-afa0-e1459142a470" executionId="a294b044-a8cd-4c3e-92a2-475881a24312" testListId="8c84fa94-04c1-424b-9868-57a2d4851a1d" />
    <TestEntry testId="a46b5d79-db81-eb2b-e033-f652d3c531da" executionId="c7eaf5df-4e76-4b1c-ba40-b24dd70912d8" testListId="8c84fa94-04c1-424b-9868-57a2d4851a1d" />
    <TestEntry testId="b442338f-ef7b-08b0-9cc8-0e18ee25498f" executionId="08efeeec-f820-47d8-96c4-06b44f1fab84" testListId="8c84fa94-04c1-424b-9868-57a2d4851a1d" />
    <TestEntry testId="bd9a4a21-da79-584b-dca9-c78ee84d8e19" executionId="b8b910dc-1d51-4235-b419-0bb8f8aa0892" testListId="8c84fa94-04c1-424b-9868-57a2d4851a1d" />
    <TestEntry testId="cf1e06c4-c7ad-91a6-5e30-be18bd3a6d02" executionId="ec4e40da-4d0b-4b4f-b559-f4cdfb161419" testListId="8c84fa94-04c1-424b-9868-57a2d4851a1d" />
    <TestEntry testId="d551d814-3ba6-9128-98e4-49734d633a16" executionId="77302099-e5b7-489e-9b1e-bfb8a6583951" testListId="8c84fa94-04c1-424b-9868-57a2d4851a1d" />
    <TestEntry testId="f3287d0e-6a77-00cc-26b2-359f43264c29" executionId="86bbbac3-d140-4946-838e-a286445c9492" testListId="8c84fa94-04c1-424b-9868-57a2d4851a1d" />
  </TestEntries>
  <Results>
    <UnitTestResult executionId="6eac46e9-ed49-4810-8da0-6fdde7aafddc" testId="038daf72-5fc0-b9fb-cfdb-770c3a8d9fa6" testName="TestDollarAmountNintyNiveCentsReturnsTrue" computerName="AARON-HP" duration="00:00:00.0170191" startTime="2016-09-18T06:50:06.8566940-07:00" endTime="2016-09-18T06:50:07.1067017-07:00" testType="13cdc9d9-ddb5-4fa4-a97d-d965ccfc6d4b" outcome="Passed" testListId="8c84fa94-04c1-424b-9868-57a2d4851a1d" relativeResultsDirectory="6eac46e9-ed49-4810-8da0-6fdde7aafddc">
    </UnitTestResult>
    <UnitTestResult executionId="c00d9ec0-76a9-4dc9-9195-1f92ebf62158" testId="086cca26-41c7-6ef3-2c97-d63cfa95047f" testName="TestDollarAmountNegativeNumberReturnsFalse" computerName="AARON-HP" duration="00:00:00.0003828" startTime="2016-09-18T06:50:07.1223273-07:00" endTime="2016-09-18T06:50:07.1223273-07:00" testType="13cdc9d9-ddb5-4fa4-a97d-d965ccfc6d4b" outcome="Passed" testListId="8c84fa94-04c1-424b-9868-57a2d4851a1d" relativeResultsDirectory="c00d9ec0-76a9-4dc9-9195-1f92ebf62158">
    </UnitTestResult>
    <UnitTestResult executionId="1d9bc0f6-8ae5-42cf-a898-e9675dfdc1a0" testId="188cb59a-fb5c-a7e4-d23a-ef8a757c8248" testName="TestDollarAmountBlankReturnsFalse" computerName="AARON-HP" duration="00:00:00.0003704" startTime="2016-09-18T06:50:07.1223273-07:00" endTime="2016-09-18T06:50:07.1379571-07:00" testType="13cdc9d9-ddb5-4fa4-a97d-d965ccfc6d4b" outcome="Passed" testListId="8c84fa94-04c1-424b-9868-57a2d4851a1d" relativeResultsDirectory="1d9bc0f6-8ae5-42cf-a898-e9675dfdc1a0">
    </UnitTestResult>
    <UnitTestResult executionId="fa86a0fc-56fa-4625-9f1c-46aa6c51303a" testId="41d4b1fd-5db9-4984-0a52-230f88bb479f" testName="TestIncorrectSpellingReturnsFalse" computerName="AARON-HP" duration="00:00:00.0003742" startTime="2016-09-18T06:50:07.1379571-07:00" endTime="2016-09-18T06:50:07.1379571-07:00" testType="13cdc9d9-ddb5-4fa4-a97d-d965ccfc6d4b" outcome="Passed" testListId="8c84fa94-04c1-424b-9868-57a2d4851a1d" relativeResultsDirectory="fa86a0fc-56fa-4625-9f1c-46aa6c51303a">
    </UnitTestResult>
    <UnitTestResult executionId="cd40dbb3-989d-4a83-8a0b-1ad2491287b4" testId="424a4713-93b4-1eb9-f6e8-98b490721233" testName="TestPerPersonReturnsCorrectAmount" computerName="AARON-HP" duration="00:00:00.0003460" startTime="2016-09-18T06:50:07.1535797-07:00" endTime="2016-09-18T06:50:07.1535797-07:00" testType="13cdc9d9-ddb5-4fa4-a97d-d965ccfc6d4b" outcome="Passed" testListId="8c84fa94-04c1-424b-9868-57a2d4851a1d" relativeResultsDirectory="cd40dbb3-989d-4a83-8a0b-1ad2491287b4">
    </UnitTestResult>
    <UnitTestResult executionId="bfe8157d-1bbb-4aa7-81cd-1bb43160d355" testId="6f27d419-20f9-c965-146b-dd72865af8f0" testName="TestCorrectNameWorks" computerName="AARON-HP" duration="00:00:00.0002848" startTime="2016-09-18T06:50:07.1535797-07:00" endTime="2016-09-18T06:50:07.1535797-07:00" testType="13cdc9d9-ddb5-4fa4-a97d-d965ccfc6d4b" outcome="Passed" testListId="8c84fa94-04c1-424b-9868-57a2d4851a1d" relativeResultsDirectory="bfe8157d-1bbb-4aa7-81cd-1bb43160d355">
    </UnitTestResult>
    <UnitTestResult executionId="a294b044-a8cd-4c3e-92a2-475881a24312" testId="72c3e3da-5cd1-9e58-afa0-e1459142a470" testName="TestDollarAmountZeroNumberReturnsTrue" computerName="AARON-HP" duration="00:00:00.0003858" startTime="2016-09-18T06:50:07.3879640-07:00" endTime="2016-09-18T06:50:07.3879640-07:00" testType="13cdc9d9-ddb5-4fa4-a97d-d965ccfc6d4b" outcome="Passed" testListId="8c84fa94-04c1-424b-9868-57a2d4851a1d" relativeResultsDirectory="a294b044-a8cd-4c3e-92a2-475881a24312">
    </UnitTestResult>
    <UnitTestResult executionId="c7eaf5df-4e76-4b1c-ba40-b24dd70912d8" testId="a46b5d79-db81-eb2b-e033-f652d3c531da" testName="TestNameWithNumbersReturnsFalse" computerName="AARON-HP" duration="00:00:00.0003605" startTime="2016-09-18T06:50:07.4035955-07:00" endTime="2016-09-18T06:50:07.4035955-07:00" testType="13cdc9d9-ddb5-4fa4-a97d-d965ccfc6d4b" outcome="Passed" testListId="8c84fa94-04c1-424b-9868-57a2d4851a1d" relativeResultsDirectory="c7eaf5df-4e76-4b1c-ba40-b24dd70912d8">
    </UnitTestResult>
    <UnitTestResult executionId="08efeeec-f820-47d8-96c4-06b44f1fab84" testId="b442338f-ef7b-08b0-9cc8-0e18ee25498f" testName="TestDollarAmountOneDollarAndOneCentReturnsTrue" computerName="AARON-HP" duration="00:00:00.0003657" startTime="2016-09-18T06:50:07.4035955-07:00" endTime="2016-09-18T06:50:07.4035955-07:00" testType="13cdc9d9-ddb5-4fa4-a97d-d965ccfc6d4b" outcome="Passed" testListId="8c84fa94-04c1-424b-9868-57a2d4851a1d" relativeResultsDirectory="08efeeec-f820-47d8-96c4-06b44f1fab84">
    </UnitTestResult>
    <UnitTestResult executionId="b8b910dc-1d51-4235-b419-0bb8f8aa0892" testId="bd9a4a21-da79-584b-dca9-c78ee84d8e19" testName="TestBlankNameReturnsFalse" computerName="AARON-HP" duration="00:00:00.0003250" startTime="2016-09-18T06:50:07.4192138-07:00" endTime="2016-09-18T06:50:07.4192138-07:00" testType="13cdc9d9-ddb5-4fa4-a97d-d965ccfc6d4b" outcome="Passed" testListId="8c84fa94-04c1-424b-9868-57a2d4851a1d" relativeResultsDirectory="b8b910dc-1d51-4235-b419-0bb8f8aa0892">
    </UnitTestResult>
    <UnitTestResult executionId="ec4e40da-4d0b-4b4f-b559-f4cdfb161419" testId="cf1e06c4-c7ad-91a6-5e30-be18bd3a6d02" testName="TestDollarAmountCorrectNumbertReturnsTrue" computerName="AARON-HP" duration="00:00:00.0003652" startTime="2016-09-18T06:50:07.4192138-07:00" endTime="2016-09-18T06:50:07.4348655-07:00" testType="13cdc9d9-ddb5-4fa4-a97d-d965ccfc6d4b" outcome="Passed" testListId="8c84fa94-04c1-424b-9868-57a2d4851a1d" relativeResultsDirectory="ec4e40da-4d0b-4b4f-b559-f4cdfb161419">
    </UnitTestResult>
    <UnitTestResult executionId="77302099-e5b7-489e-9b1e-bfb8a6583951" testId="d551d814-3ba6-9128-98e4-49734d633a16" testName="TestDollarAmountNameReturnsFalse" computerName="AARON-HP" duration="00:00:00.0002968" startTime="2016-09-18T06:50:07.4348655-07:00" endTime="2016-09-18T06:50:07.4348655-07:00" testType="13cdc9d9-ddb5-4fa4-a97d-d965ccfc6d4b" outcome="Passed" testListId="8c84fa94-04c1-424b-9868-57a2d4851a1d" relativeResultsDirectory="77302099-e5b7-489e-9b1e-bfb8a6583951">
    </UnitTestResult>
    <UnitTestResult executionId="86bbbac3-d140-4946-838e-a286445c9492" testId="f3287d0e-6a77-00cc-26b2-359f43264c29" testName="TestDollarAmountOneDollarReturnsTrue" computerName="AARON-HP" duration="00:00:00.0003019" startTime="2016-09-18T06:50:07.4348655-07:00" endTime="2016-09-18T06:50:07.4504658-07:00" testType="13cdc9d9-ddb5-4fa4-a97d-d965ccfc6d4b" outcome="Passed" testListId="8c84fa94-04c1-424b-9868-57a2d4851a1d" relativeResultsDirectory="86bbbac3-d140-4946-838e-a286445c9492">
    </UnitTestResult>
  </Results>
</TestRun>