<?xml version="1.0" encoding="UTF-8"?>
<TestRun id="90df614a-1890-49f0-9a77-2792aae48b57" name="Aaron@AARON-HP 2016-09-18 06:37:55" runUser="Aaron-HP\Aaron" xmlns="http://microsoft.com/schemas/VisualStudio/TeamTest/2010">
  <TestSettings name="Local" id="36464539-aa33-48c7-8b6d-88c60b435c89">
    <Description>These are default test settings for a local test run.</Description>
    <Deployment enabled="false" runDeploymentRoot="Aaron_AARON-HP 2016-09-18 06_37_55">
      <DeploymentItem filename="C:\Users\Aaron\documents\visual studio 2010\Projects\tripCalculator\tripCalculator\bin\Debug\tripCalculator.exe" />
    </Deployment>
    <Execution>
      <TestTypeSpecific />
      <AgentRule name="Execution Agents">
      </AgentRule>
    </Execution>
  </TestSettings>
  <Times creation="2016-09-18T06:37:55.5163134-07:00" queuing="2016-09-18T06:37:55.6256919-07:00" start="2016-09-18T06:37:55.6413178-07:00" finish="2016-09-18T06:37:56.0476055-07:00" />
  <ResultSummary outcome="Completed">
    <Counters total="4" executed="4" passed="4" error="0" failed="0" timeout="0" aborted="0" inconclusive="0" passedButRunAborted="0" notRunnable="0" notExecuted="0" disconnected="0" warning="0" completed="0" inProgress="0" pending="0" />
  </ResultSummary>
  <TestDefinitions>
    <UnitTest name="TestNameWithNumbersReturnsFalse" storage="c:\users\aaron\documents\visual studio 2010\projects\tripcalculator\tripcalculatortest\bin\debug\tripcalculatortest.dll" id="a46b5d79-db81-eb2b-e033-f652d3c531da">
      <Execution id="98d16ff2-c8b1-4e32-ad3d-7d1d08d02bf0" />
      <TestMethod codeBase="C:/Users/Aaron/documents/visual studio 2010/Projects/tripCalculator/tripCalculatorTest/bin/Debug/tripCalculatorTest.DLL" adapterTypeName="Microsoft.VisualStudio.TestTools.TestTypes.Unit.UnitTestAdapter, Microsoft.VisualStudio.QualityTools.Tips.UnitTest.Adapter, Version=10.0.0.0, Culture=neutral, PublicKeyToken=b03f5f7f11d50a3a" className="tripCalculatorTest.tripCalculatorTest, tripCalculatorTest, Version=1.0.0.0, Culture=neutral, PublicKeyToken=null" name="TestNameWithNumbersReturnsFalse" />
    </UnitTest>
    <UnitTest name="TestIncorrectSpellingReturnsFalse" storage="c:\users\aaron\documents\visual studio 2010\projects\tripcalculator\tripcalculatortest\bin\debug\tripcalculatortest.dll" id="41d4b1fd-5db9-4984-0a52-230f88bb479f">
      <Execution id="9d29651f-b259-4f39-9d5c-8a905faed35d" />
      <TestMethod codeBase="C:/Users/Aaron/documents/visual studio 2010/Projects/tripCalculator/tripCalculatorTest/bin/Debug/tripCalculatorTest.DLL" adapterTypeName="Microsoft.VisualStudio.TestTools.TestTypes.Unit.UnitTestAdapter, Microsoft.VisualStudio.QualityTools.Tips.UnitTest.Adapter, Version=10.0.0.0, Culture=neutral, PublicKeyToken=b03f5f7f11d50a3a" className="tripCalculatorTest.tripCalculatorTest, tripCalculatorTest, Version=1.0.0.0, Culture=neutral, PublicKeyToken=null" name="TestIncorrectSpellingReturnsFalse" />
    </UnitTest>
    <UnitTest name="TestCorrectNameWorks" storage="c:\users\aaron\documents\visual studio 2010\projects\tripcalculator\tripcalculatortest\bin\debug\tripcalculatortest.dll" id="6f27d419-20f9-c965-146b-dd72865af8f0">
      <Execution id="09658765-8dd1-4443-8206-5c0dab95bf2d" />
      <TestMethod codeBase="C:/Users/Aaron/documents/visual studio 2010/Projects/tripCalculator/tripCalculatorTest/bin/Debug/tripCalculatorTest.DLL" adapterTypeName="Microsoft.VisualStudio.TestTools.TestTypes.Unit.UnitTestAdapter, Microsoft.VisualStudio.QualityTools.Tips.UnitTest.Adapter, Version=10.0.0.0, Culture=neutral, PublicKeyToken=b03f5f7f11d50a3a" className="tripCalculatorTest.tripCalculatorTest, tripCalculatorTest, Version=1.0.0.0, Culture=neutral, PublicKeyToken=null" name="TestCorrectNameWorks" />
    </UnitTest>
    <UnitTest name="TestBlankNameReturnsFalse" storage="c:\users\aaron\documents\visual studio 2010\projects\tripcalculator\tripcalculatortest\bin\debug\tripcalculatortest.dll" id="bd9a4a21-da79-584b-dca9-c78ee84d8e19">
      <Execution id="14a56e7c-a44e-4bf3-a705-af53049fb3d8" />
      <TestMethod codeBase="C:/Users/Aaron/documents/visual studio 2010/Projects/tripCalculator/tripCalculatorTest/bin/Debug/tripCalculatorTest.DLL" adapterTypeName="Microsoft.VisualStudio.TestTools.TestTypes.Unit.UnitTestAdapter, Microsoft.VisualStudio.QualityTools.Tips.UnitTest.Adapter, Version=10.0.0.0, Culture=neutral, PublicKeyToken=b03f5f7f11d50a3a" className="tripCalculatorTest.tripCalculatorTest, tripCalculatorTest, Version=1.0.0.0, Culture=neutral, PublicKeyToken=null" name="TestBlankNameReturnsFalse" />
    </UnitTest>
  </TestDefinitions>
  <TestLists>
    <TestList name="Results Not in a List" id="8c84fa94-04c1-424b-9868-57a2d4851a1d" />
    <TestList name="All Loaded Results" id="19431567-8539-422a-85d7-44ee4e166bda" />
  </TestLists>
  <TestEntries>
    <TestEntry testId="41d4b1fd-5db9-4984-0a52-230f88bb479f" executionId="9d29651f-b259-4f39-9d5c-8a905faed35d" testListId="8c84fa94-04c1-424b-9868-57a2d4851a1d" />
    <TestEntry testId="6f27d419-20f9-c965-146b-dd72865af8f0" executionId="09658765-8dd1-4443-8206-5c0dab95bf2d" testListId="8c84fa94-04c1-424b-9868-57a2d4851a1d" />
    <TestEntry testId="a46b5d79-db81-eb2b-e033-f652d3c531da" executionId="98d16ff2-c8b1-4e32-ad3d-7d1d08d02bf0" testListId="8c84fa94-04c1-424b-9868-57a2d4851a1d" />
    <TestEntry testId="bd9a4a21-da79-584b-dca9-c78ee84d8e19" executionId="14a56e7c-a44e-4bf3-a705-af53049fb3d8" testListId="8c84fa94-04c1-424b-9868-57a2d4851a1d" />
  </TestEntries>
  <Results>
    <UnitTestResult executionId="9d29651f-b259-4f39-9d5c-8a905faed35d" testId="41d4b1fd-5db9-4984-0a52-230f88bb479f" testName="TestIncorrectSpellingReturnsFalse" computerName="AARON-HP" duration="00:00:00.0178617" startTime="2016-09-18T06:37:55.6413178-07:00" endTime="2016-09-18T06:37:55.9382039-07:00" testType="13cdc9d9-ddb5-4fa4-a97d-d965ccfc6d4b" outcome="Passed" testListId="8c84fa94-04c1-424b-9868-57a2d4851a1d" relativeResultsDirectory="9d29651f-b259-4f39-9d5c-8a905faed35d">
    </UnitTestResult>
    <UnitTestResult executionId="09658765-8dd1-4443-8206-5c0dab95bf2d" testId="6f27d419-20f9-c965-146b-dd72865af8f0" testName="TestCorrectNameWorks" computerName="AARON-HP" duration="00:00:00.0003477" startTime="2016-09-18T06:37:55.9538282-07:00" endTime="2016-09-18T06:37:55.9538282-07:00" testType="13cdc9d9-ddb5-4fa4-a97d-d965ccfc6d4b" outcome="Passed" testListId="8c84fa94-04c1-424b-9868-57a2d4851a1d" relativeResultsDirectory="09658765-8dd1-4443-8206-5c0dab95bf2d">
    </UnitTestResult>
    <UnitTestResult executionId="98d16ff2-c8b1-4e32-ad3d-7d1d08d02bf0" testId="a46b5d79-db81-eb2b-e033-f652d3c531da" testName="TestNameWithNumbersReturnsFalse" computerName="AARON-HP" duration="00:00:00.0002758" startTime="2016-09-18T06:37:55.9538282-07:00" endTime="2016-09-18T06:37:55.9694538-07:00" testType="13cdc9d9-ddb5-4fa4-a97d-d965ccfc6d4b" outcome="Passed" testListId="8c84fa94-04c1-424b-9868-57a2d4851a1d" relativeResultsDirectory="98d16ff2-c8b1-4e32-ad3d-7d1d08d02bf0">
    </UnitTestResult>
    <UnitTestResult executionId="14a56e7c-a44e-4bf3-a705-af53049fb3d8" testId="bd9a4a21-da79-584b-dca9-c78ee84d8e19" testName="TestBlankNameReturnsFalse" computerName="AARON-HP" duration="00:00:00.0002895" startTime="2016-09-18T06:37:55.9694538-07:00" endTime="2016-09-18T06:37:55.9694538-07:00" testType="13cdc9d9-ddb5-4fa4-a97d-d965ccfc6d4b" outcome="Passed" testListId="8c84fa94-04c1-424b-9868-57a2d4851a1d" relativeResultsDirectory="14a56e7c-a44e-4bf3-a705-af53049fb3d8">
    </UnitTestResult>
  </Results>
</TestRun>