<?xml version="1.0" encoding="UTF-8"?>
<TestRun id="0c9520ab-bd4c-4580-9cfc-1cbc64faff36" name="Aaron@AARON-HP 2016-09-18 06:51:24" runUser="Aaron-HP\Aaron" xmlns="http://microsoft.com/schemas/VisualStudio/TeamTest/2010">
  <TestSettings name="Local" id="36464539-aa33-48c7-8b6d-88c60b435c89">
    <Description>These are default test settings for a local test run.</Description>
    <Deployment enabled="false" runDeploymentRoot="Aaron_AARON-HP 2016-09-18 06_51_24">
      <DeploymentItem filename="C:\Users\Aaron\documents\visual studio 2010\Projects\tripCalculator\tripCalculator\bin\Debug\tripCalculator.exe" />
    </Deployment>
    <Execution>
      <TestTypeSpecific />
      <AgentRule name="Execution Agents">
      </AgentRule>
    </Execution>
  </TestSettings>
  <Times creation="2016-09-18T06:51:24.6551452-07:00" queuing="2016-09-18T06:51:24.7957731-07:00" start="2016-09-18T06:51:24.8114025-07:00" finish="2016-09-18T06:51:25.2178712-07:00" />
  <ResultSummary outcome="Completed">
    <Counters total="14" executed="14" passed="14" error="0" failed="0" timeout="0" aborted="0" inconclusive="0" passedButRunAborted="0" notRunnable="0" notExecuted="0" disconnected="0" warning="0" completed="0" inProgress="0" pending="0" />
  </ResultSummary>
  <TestDefinitions>
    <UnitTest name="TestDollarAmountNintyNiveCentsReturnsTrue" storage="c:\users\aaron\documents\visual studio 2010\projects\tripcalculator\tripcalculatortest\bin\debug\tripcalculatortest.dll" id="038daf72-5fc0-b9fb-cfdb-770c3a8d9fa6">
      <Execution id="033e325c-7626-45e4-875d-2440768f9ed0" />
      <TestMethod codeBase="C:/Users/Aaron/documents/visual studio 2010/Projects/tripCalculator/tripCalculatorTest/bin/Debug/tripCalculatorTest.DLL" adapterTypeName="Microsoft.VisualStudio.TestTools.TestTypes.Unit.UnitTestAdapter, Microsoft.VisualStudio.QualityTools.Tips.UnitTest.Adapter, Version=10.0.0.0, Culture=neutral, PublicKeyToken=b03f5f7f11d50a3a" className="tripCalculatorTest.tripCalculatorTest, tripCalculatorTest, Version=1.0.0.0, Culture=neutral, PublicKeyToken=null" name="TestDollarAmountNintyNiveCentsReturnsTrue" />
    </UnitTest>
    <UnitTest name="TestDollarAmountOneDollarAndOneCentReturnsTrue" storage="c:\users\aaron\documents\visual studio 2010\projects\tripcalculator\tripcalculatortest\bin\debug\tripcalculatortest.dll" id="b442338f-ef7b-08b0-9cc8-0e18ee25498f">
      <Execution id="447f4be7-99be-44d9-a4dd-414b961bb474" />
      <TestMethod codeBase="C:/Users/Aaron/documents/visual studio 2010/Projects/tripCalculator/tripCalculatorTest/bin/Debug/tripCalculatorTest.DLL" adapterTypeName="Microsoft.VisualStudio.TestTools.TestTypes.Unit.UnitTestAdapter, Microsoft.VisualStudio.QualityTools.Tips.UnitTest.Adapter, Version=10.0.0.0, Culture=neutral, PublicKeyToken=b03f5f7f11d50a3a" className="tripCalculatorTest.tripCalculatorTest, tripCalculatorTest, Version=1.0.0.0, Culture=neutral, PublicKeyToken=null" name="TestDollarAmountOneDollarAndOneCentReturnsTrue" />
    </UnitTest>
    <UnitTest name="TestIncorrectSpellingReturnsFalse" storage="c:\users\aaron\documents\visual studio 2010\projects\tripcalculator\tripcalculatortest\bin\debug\tripcalculatortest.dll" id="41d4b1fd-5db9-4984-0a52-230f88bb479f">
      <Execution id="96a84eee-f8ed-41a6-9217-5636ffb64b1f" />
      <TestMethod codeBase="C:/Users/Aaron/documents/visual studio 2010/Projects/tripCalculator/tripCalculatorTest/bin/Debug/tripCalculatorTest.DLL" adapterTypeName="Microsoft.VisualStudio.TestTools.TestTypes.Unit.UnitTestAdapter, Microsoft.VisualStudio.QualityTools.Tips.UnitTest.Adapter, Version=10.0.0.0, Culture=neutral, PublicKeyToken=b03f5f7f11d50a3a" className="tripCalculatorTest.tripCalculatorTest, tripCalculatorTest, Version=1.0.0.0, Culture=neutral, PublicKeyToken=null" name="TestIncorrectSpellingReturnsFalse" />
    </UnitTest>
    <UnitTest name="TestDollarAmountNegativeNumberReturnsFalse" storage="c:\users\aaron\documents\visual studio 2010\projects\tripcalculator\tripcalculatortest\bin\debug\tripcalculatortest.dll" id="086cca26-41c7-6ef3-2c97-d63cfa95047f">
      <Execution id="215f4b0f-a5fa-440b-9fc6-0fb9b2a4b054" />
      <TestMethod codeBase="C:/Users/Aaron/documents/visual studio 2010/Projects/tripCalculator/tripCalculatorTest/bin/Debug/tripCalculatorTest.DLL" adapterTypeName="Microsoft.VisualStudio.TestTools.TestTypes.Unit.UnitTestAdapter, Microsoft.VisualStudio.QualityTools.Tips.UnitTest.Adapter, Version=10.0.0.0, Culture=neutral, PublicKeyToken=b03f5f7f11d50a3a" className="tripCalculatorTest.tripCalculatorTest, tripCalculatorTest, Version=1.0.0.0, Culture=neutral, PublicKeyToken=null" name="TestDollarAmountNegativeNumberReturnsFalse" />
    </UnitTest>
    <UnitTest name="TestBlankNameReturnsFalse" storage="c:\users\aaron\documents\visual studio 2010\projects\tripcalculator\tripcalculatortest\bin\debug\tripcalculatortest.dll" id="bd9a4a21-da79-584b-dca9-c78ee84d8e19">
      <Execution id="7e9e7508-85f9-4b45-9277-ff4a0fd08edc" />
      <TestMethod codeBase="C:/Users/Aaron/documents/visual studio 2010/Projects/tripCalculator/tripCalculatorTest/bin/Debug/tripCalculatorTest.DLL" adapterTypeName="Microsoft.VisualStudio.TestTools.TestTypes.Unit.UnitTestAdapter, Microsoft.VisualStudio.QualityTools.Tips.UnitTest.Adapter, Version=10.0.0.0, Culture=neutral, PublicKeyToken=b03f5f7f11d50a3a" className="tripCalculatorTest.tripCalculatorTest, tripCalculatorTest, Version=1.0.0.0, Culture=neutral, PublicKeyToken=null" name="TestBlankNameReturnsFalse" />
    </UnitTest>
    <UnitTest name="TestDollarAmountCorrectNumbertReturnsTrue" storage="c:\users\aaron\documents\visual studio 2010\projects\tripcalculator\tripcalculatortest\bin\debug\tripcalculatortest.dll" id="cf1e06c4-c7ad-91a6-5e30-be18bd3a6d02">
      <Execution id="5de42d8d-75e8-410c-98a5-c059d3f33464" />
      <TestMethod codeBase="C:/Users/Aaron/documents/visual studio 2010/Projects/tripCalculator/tripCalculatorTest/bin/Debug/tripCalculatorTest.DLL" adapterTypeName="Microsoft.VisualStudio.TestTools.TestTypes.Unit.UnitTestAdapter, Microsoft.VisualStudio.QualityTools.Tips.UnitTest.Adapter, Version=10.0.0.0, Culture=neutral, PublicKeyToken=b03f5f7f11d50a3a" className="tripCalculatorTest.tripCalculatorTest, tripCalculatorTest, Version=1.0.0.0, Culture=neutral, PublicKeyToken=null" name="TestDollarAmountCorrectNumbertReturnsTrue" />
    </UnitTest>
    <UnitTest name="TestDollarAmountNameReturnsFalse" storage="c:\users\aaron\documents\visual studio 2010\projects\tripcalculator\tripcalculatortest\bin\debug\tripcalculatortest.dll" id="d551d814-3ba6-9128-98e4-49734d633a16">
      <Execution id="5d47072d-c874-4e38-ad89-2ba3730a960e" />
      <TestMethod codeBase="C:/Users/Aaron/documents/visual studio 2010/Projects/tripCalculator/tripCalculatorTest/bin/Debug/tripCalculatorTest.DLL" adapterTypeName="Microsoft.VisualStudio.TestTools.TestTypes.Unit.UnitTestAdapter, Microsoft.VisualStudio.QualityTools.Tips.UnitTest.Adapter, Version=10.0.0.0, Culture=neutral, PublicKeyToken=b03f5f7f11d50a3a" className="tripCalculatorTest.tripCalculatorTest, tripCalculatorTest, Version=1.0.0.0, Culture=neutral, PublicKeyToken=null" name="TestDollarAmountNameReturnsFalse" />
    </UnitTest>
    <UnitTest name="TestPerPersonReturnsCorrectAmount" storage="c:\users\aaron\documents\visual studio 2010\projects\tripcalculator\tripcalculatortest\bin\debug\tripcalculatortest.dll" id="424a4713-93b4-1eb9-f6e8-98b490721233">
      <Execution id="a1c4694a-b626-4ca6-861f-3a993ee88496" />
      <TestMethod codeBase="C:/Users/Aaron/documents/visual studio 2010/Projects/tripCalculator/tripCalculatorTest/bin/Debug/tripCalculatorTest.DLL" adapterTypeName="Microsoft.VisualStudio.TestTools.TestTypes.Unit.UnitTestAdapter, Microsoft.VisualStudio.QualityTools.Tips.UnitTest.Adapter, Version=10.0.0.0, Culture=neutral, PublicKeyToken=b03f5f7f11d50a3a" className="tripCalculatorTest.tripCalculatorTest, tripCalculatorTest, Version=1.0.0.0, Culture=neutral, PublicKeyToken=null" name="TestPerPersonReturnsCorrectAmount" />
    </UnitTest>
    <UnitTest name="TestDollarAmountBlankReturnsFalse" storage="c:\users\aaron\documents\visual studio 2010\projects\tripcalculator\tripcalculatortest\bin\debug\tripcalculatortest.dll" id="188cb59a-fb5c-a7e4-d23a-ef8a757c8248">
      <Execution id="3c02ab99-a82d-49e3-8af1-3bfb8d31ae22" />
      <TestMethod codeBase="C:/Users/Aaron/documents/visual studio 2010/Projects/tripCalculator/tripCalculatorTest/bin/Debug/tripCalculatorTest.DLL" adapterTypeName="Microsoft.VisualStudio.TestTools.TestTypes.Unit.UnitTestAdapter, Microsoft.VisualStudio.QualityTools.Tips.UnitTest.Adapter, Version=10.0.0.0, Culture=neutral, PublicKeyToken=b03f5f7f11d50a3a" className="tripCalculatorTest.tripCalculatorTest, tripCalculatorTest, Version=1.0.0.0, Culture=neutral, PublicKeyToken=null" name="TestDollarAmountBlankReturnsFalse" />
    </UnitTest>
    <UnitTest name="TestCorrectNameWorks" storage="c:\users\aaron\documents\visual studio 2010\projects\tripcalculator\tripcalculatortest\bin\debug\tripcalculatortest.dll" id="6f27d419-20f9-c965-146b-dd72865af8f0">
      <Execution id="317e0d5e-0e55-4895-a148-7d9ee3edd41f" />
      <TestMethod codeBase="C:/Users/Aaron/documents/visual studio 2010/Projects/tripCalculator/tripCalculatorTest/bin/Debug/tripCalculatorTest.DLL" adapterTypeName="Microsoft.VisualStudio.TestTools.TestTypes.Unit.UnitTestAdapter, Microsoft.VisualStudio.QualityTools.Tips.UnitTest.Adapter, Version=10.0.0.0, Culture=neutral, PublicKeyToken=b03f5f7f11d50a3a" className="tripCalculatorTest.tripCalculatorTest, tripCalculatorTest, Version=1.0.0.0, Culture=neutral, PublicKeyToken=null" name="TestCorrectNameWorks" />
    </UnitTest>
    <UnitTest name="TestNameWithNumbersReturnsFalse" storage="c:\users\aaron\documents\visual studio 2010\projects\tripcalculator\tripcalculatortest\bin\debug\tripcalculatortest.dll" id="a46b5d79-db81-eb2b-e033-f652d3c531da">
      <Execution id="8f7a618b-0f99-45a5-9a94-a1bbb250050c" />
      <TestMethod codeBase="C:/Users/Aaron/documents/visual studio 2010/Projects/tripCalculator/tripCalculatorTest/bin/Debug/tripCalculatorTest.DLL" adapterTypeName="Microsoft.VisualStudio.TestTools.TestTypes.Unit.UnitTestAdapter, Microsoft.VisualStudio.QualityTools.Tips.UnitTest.Adapter, Version=10.0.0.0, Culture=neutral, PublicKeyToken=b03f5f7f11d50a3a" className="tripCalculatorTest.tripCalculatorTest, tripCalculatorTest, Version=1.0.0.0, Culture=neutral, PublicKeyToken=null" name="TestNameWithNumbersReturnsFalse" />
    </UnitTest>
    <UnitTest name="TestDollarAmountOneDollarReturnsTrue" storage="c:\users\aaron\documents\visual studio 2010\projects\tripcalculator\tripcalculatortest\bin\debug\tripcalculatortest.dll" id="f3287d0e-6a77-00cc-26b2-359f43264c29">
      <Execution id="f40873b8-814a-474c-9965-1778c85fe7ca" />
      <TestMethod codeBase="C:/Users/Aaron/documents/visual studio 2010/Projects/tripCalculator/tripCalculatorTest/bin/Debug/tripCalculatorTest.DLL" adapterTypeName="Microsoft.VisualStudio.TestTools.TestTypes.Unit.UnitTestAdapter, Microsoft.VisualStudio.QualityTools.Tips.UnitTest.Adapter, Version=10.0.0.0, Culture=neutral, PublicKeyToken=b03f5f7f11d50a3a" className="tripCalculatorTest.tripCalculatorTest, tripCalculatorTest, Version=1.0.0.0, Culture=neutral, PublicKeyToken=null" name="TestDollarAmountOneDollarReturnsTrue" />
    </UnitTest>
    <UnitTest name="TestPerPersonReturnsCorrectAmountExpectedIsIncorrect" storage="c:\users\aaron\documents\visual studio 2010\projects\tripcalculator\tripcalculatortest\bin\debug\tripcalculatortest.dll" id="320124f1-14f8-ef91-8d52-2ee2b3c88381">
      <Execution id="dda29744-e132-4618-bdb1-14aadbbac57f" />
      <TestMethod codeBase="C:/Users/Aaron/documents/visual studio 2010/Projects/tripCalculator/tripCalculatorTest/bin/Debug/tripCalculatorTest.DLL" adapterTypeName="Microsoft.VisualStudio.TestTools.TestTypes.Unit.UnitTestAdapter, Microsoft.VisualStudio.QualityTools.Tips.UnitTest.Adapter, Version=10.0.0.0, Culture=neutral, PublicKeyToken=b03f5f7f11d50a3a" className="tripCalculatorTest.tripCalculatorTest, tripCalculatorTest, Version=1.0.0.0, Culture=neutral, PublicKeyToken=null" name="TestPerPersonReturnsCorrectAmountExpectedIsIncorrect" />
    </UnitTest>
    <UnitTest name="TestDollarAmountZeroNumberReturnsTrue" storage="c:\users\aaron\documents\visual studio 2010\projects\tripcalculator\tripcalculatortest\bin\debug\tripcalculatortest.dll" id="72c3e3da-5cd1-9e58-afa0-e1459142a470">
      <Execution id="4777cca4-6bed-4733-8ccd-21493a98f386" />
      <TestMethod codeBase="C:/Users/Aaron/documents/visual studio 2010/Projects/tripCalculator/tripCalculatorTest/bin/Debug/tripCalculatorTest.DLL" adapterTypeName="Microsoft.VisualStudio.TestTools.TestTypes.Unit.UnitTestAdapter, Microsoft.VisualStudio.QualityTools.Tips.UnitTest.Adapter, Version=10.0.0.0, Culture=neutral, PublicKeyToken=b03f5f7f11d50a3a" className="tripCalculatorTest.tripCalculatorTest, tripCalculatorTest, Version=1.0.0.0, Culture=neutral, PublicKeyToken=null" name="TestDollarAmountZeroNumberReturnsTrue" />
    </UnitTest>
  </TestDefinitions>
  <TestLists>
    <TestList name="Results Not in a List" id="8c84fa94-04c1-424b-9868-57a2d4851a1d" />
    <TestList name="All Loaded Results" id="19431567-8539-422a-85d7-44ee4e166bda" />
  </TestLists>
  <TestEntries>
    <TestEntry testId="038daf72-5fc0-b9fb-cfdb-770c3a8d9fa6" executionId="033e325c-7626-45e4-875d-2440768f9ed0" testListId="8c84fa94-04c1-424b-9868-57a2d4851a1d" />
    <TestEntry testId="086cca26-41c7-6ef3-2c97-d63cfa95047f" executionId="215f4b0f-a5fa-440b-9fc6-0fb9b2a4b054" testListId="8c84fa94-04c1-424b-9868-57a2d4851a1d" />
    <TestEntry testId="188cb59a-fb5c-a7e4-d23a-ef8a757c8248" executionId="3c02ab99-a82d-49e3-8af1-3bfb8d31ae22" testListId="8c84fa94-04c1-424b-9868-57a2d4851a1d" />
    <TestEntry testId="320124f1-14f8-ef91-8d52-2ee2b3c88381" executionId="dda29744-e132-4618-bdb1-14aadbbac57f" testListId="8c84fa94-04c1-424b-9868-57a2d4851a1d" />
    <TestEntry testId="41d4b1fd-5db9-4984-0a52-230f88bb479f" executionId="96a84eee-f8ed-41a6-9217-5636ffb64b1f" testListId="8c84fa94-04c1-424b-9868-57a2d4851a1d" />
    <TestEntry testId="424a4713-93b4-1eb9-f6e8-98b490721233" executionId="a1c4694a-b626-4ca6-861f-3a993ee88496" testListId="8c84fa94-04c1-424b-9868-57a2d4851a1d" />
    <TestEntry testId="6f27d419-20f9-c965-146b-dd72865af8f0" executionId="317e0d5e-0e55-4895-a148-7d9ee3edd41f" testListId="8c84fa94-04c1-424b-9868-57a2d4851a1d" />
    <TestEntry testId="72c3e3da-5cd1-9e58-afa0-e1459142a470" executionId="4777cca4-6bed-4733-8ccd-21493a98f386" testListId="8c84fa94-04c1-424b-9868-57a2d4851a1d" />
    <TestEntry testId="a46b5d79-db81-eb2b-e033-f652d3c531da" executionId="8f7a618b-0f99-45a5-9a94-a1bbb250050c" testListId="8c84fa94-04c1-424b-9868-57a2d4851a1d" />
    <TestEntry testId="b442338f-ef7b-08b0-9cc8-0e18ee25498f" executionId="447f4be7-99be-44d9-a4dd-414b961bb474" testListId="8c84fa94-04c1-424b-9868-57a2d4851a1d" />
    <TestEntry testId="bd9a4a21-da79-584b-dca9-c78ee84d8e19" executionId="7e9e7508-85f9-4b45-9277-ff4a0fd08edc" testListId="8c84fa94-04c1-424b-9868-57a2d4851a1d" />
    <TestEntry testId="cf1e06c4-c7ad-91a6-5e30-be18bd3a6d02" executionId="5de42d8d-75e8-410c-98a5-c059d3f33464" testListId="8c84fa94-04c1-424b-9868-57a2d4851a1d" />
    <TestEntry testId="d551d814-3ba6-9128-98e4-49734d633a16" executionId="5d47072d-c874-4e38-ad89-2ba3730a960e" testListId="8c84fa94-04c1-424b-9868-57a2d4851a1d" />
    <TestEntry testId="f3287d0e-6a77-00cc-26b2-359f43264c29" executionId="f40873b8-814a-474c-9965-1778c85fe7ca" testListId="8c84fa94-04c1-424b-9868-57a2d4851a1d" />
  </TestEntries>
  <Results>
    <UnitTestResult executionId="033e325c-7626-45e4-875d-2440768f9ed0" testId="038daf72-5fc0-b9fb-cfdb-770c3a8d9fa6" testName="TestDollarAmountNintyNiveCentsReturnsTrue" computerName="AARON-HP" duration="00:00:00.0167620" startTime="2016-09-18T06:51:24.8270247-07:00" endTime="2016-09-18T06:51:25.0772381-07:00" testType="13cdc9d9-ddb5-4fa4-a97d-d965ccfc6d4b" outcome="Passed" testListId="8c84fa94-04c1-424b-9868-57a2d4851a1d" relativeResultsDirectory="033e325c-7626-45e4-875d-2440768f9ed0">
    </UnitTestResult>
    <UnitTestResult executionId="215f4b0f-a5fa-440b-9fc6-0fb9b2a4b054" testId="086cca26-41c7-6ef3-2c97-d63cfa95047f" testName="TestDollarAmountNegativeNumberReturnsFalse" computerName="AARON-HP" duration="00:00:00.0003148" startTime="2016-09-18T06:51:25.0928641-07:00" endTime="2016-09-18T06:51:25.0928641-07:00" testType="13cdc9d9-ddb5-4fa4-a97d-d965ccfc6d4b" outcome="Passed" testListId="8c84fa94-04c1-424b-9868-57a2d4851a1d" relativeResultsDirectory="215f4b0f-a5fa-440b-9fc6-0fb9b2a4b054">
    </UnitTestResult>
    <UnitTestResult executionId="3c02ab99-a82d-49e3-8af1-3bfb8d31ae22" testId="188cb59a-fb5c-a7e4-d23a-ef8a757c8248" testName="TestDollarAmountBlankReturnsFalse" computerName="AARON-HP" duration="00:00:00.0003024" startTime="2016-09-18T06:51:25.0928641-07:00" endTime="2016-09-18T06:51:25.1084927-07:00" testType="13cdc9d9-ddb5-4fa4-a97d-d965ccfc6d4b" outcome="Passed" testListId="8c84fa94-04c1-424b-9868-57a2d4851a1d" relativeResultsDirectory="3c02ab99-a82d-49e3-8af1-3bfb8d31ae22">
    </UnitTestResult>
    <UnitTestResult executionId="dda29744-e132-4618-bdb1-14aadbbac57f" testId="320124f1-14f8-ef91-8d52-2ee2b3c88381" testName="TestPerPersonReturnsCorrectAmountExpectedIsIncorrect" computerName="AARON-HP" duration="00:00:00.0004610" startTime="2016-09-18T06:51:25.1084927-07:00" endTime="2016-09-18T06:51:25.1084927-07:00" testType="13cdc9d9-ddb5-4fa4-a97d-d965ccfc6d4b" outcome="Passed" testListId="8c84fa94-04c1-424b-9868-57a2d4851a1d" relativeResultsDirectory="dda29744-e132-4618-bdb1-14aadbbac57f">
    </UnitTestResult>
    <UnitTestResult executionId="96a84eee-f8ed-41a6-9217-5636ffb64b1f" testId="41d4b1fd-5db9-4984-0a52-230f88bb479f" testName="TestIncorrectSpellingReturnsFalse" computerName="AARON-HP" duration="00:00:00.0003738" startTime="2016-09-18T06:51:25.1241165-07:00" endTime="2016-09-18T06:51:25.1241165-07:00" testType="13cdc9d9-ddb5-4fa4-a97d-d965ccfc6d4b" outcome="Passed" testListId="8c84fa94-04c1-424b-9868-57a2d4851a1d" relativeResultsDirectory="96a84eee-f8ed-41a6-9217-5636ffb64b1f">
    </UnitTestResult>
    <UnitTestResult executionId="a1c4694a-b626-4ca6-861f-3a993ee88496" testId="424a4713-93b4-1eb9-f6e8-98b490721233" testName="TestPerPersonReturnsCorrectAmount" computerName="AARON-HP" duration="00:00:00.0002510" startTime="2016-09-18T06:51:25.1241165-07:00" endTime="2016-09-18T06:51:25.1241165-07:00" testType="13cdc9d9-ddb5-4fa4-a97d-d965ccfc6d4b" outcome="Passed" testListId="8c84fa94-04c1-424b-9868-57a2d4851a1d" relativeResultsDirectory="a1c4694a-b626-4ca6-861f-3a993ee88496">
    </UnitTestResult>
    <UnitTestResult executionId="317e0d5e-0e55-4895-a148-7d9ee3edd41f" testId="6f27d419-20f9-c965-146b-dd72865af8f0" testName="TestCorrectNameWorks" computerName="AARON-HP" duration="00:00:00.0002771" startTime="2016-09-18T06:51:25.1397416-07:00" endTime="2016-09-18T06:51:25.1397416-07:00" testType="13cdc9d9-ddb5-4fa4-a97d-d965ccfc6d4b" outcome="Passed" testListId="8c84fa94-04c1-424b-9868-57a2d4851a1d" relativeResultsDirectory="317e0d5e-0e55-4895-a148-7d9ee3edd41f">
    </UnitTestResult>
    <UnitTestResult executionId="4777cca4-6bed-4733-8ccd-21493a98f386" testId="72c3e3da-5cd1-9e58-afa0-e1459142a470" testName="TestDollarAmountZeroNumberReturnsTrue" computerName="AARON-HP" duration="00:00:00.0002882" startTime="2016-09-18T06:51:25.1397416-07:00" endTime="2016-09-18T06:51:25.1397416-07:00" testType="13cdc9d9-ddb5-4fa4-a97d-d965ccfc6d4b" outcome="Passed" testListId="8c84fa94-04c1-424b-9868-57a2d4851a1d" relativeResultsDirectory="4777cca4-6bed-4733-8ccd-21493a98f386">
    </UnitTestResult>
    <UnitTestResult executionId="8f7a618b-0f99-45a5-9a94-a1bbb250050c" testId="a46b5d79-db81-eb2b-e033-f652d3c531da" testName="TestNameWithNumbersReturnsFalse" computerName="AARON-HP" duration="00:00:00.0003507" startTime="2016-09-18T06:51:25.1553681-07:00" endTime="2016-09-18T06:51:25.1553681-07:00" testType="13cdc9d9-ddb5-4fa4-a97d-d965ccfc6d4b" outcome="Passed" testListId="8c84fa94-04c1-424b-9868-57a2d4851a1d" relativeResultsDirectory="8f7a618b-0f99-45a5-9a94-a1bbb250050c">
    </UnitTestResult>
    <UnitTestResult executionId="447f4be7-99be-44d9-a4dd-414b961bb474" testId="b442338f-ef7b-08b0-9cc8-0e18ee25498f" testName="TestDollarAmountOneDollarAndOneCentReturnsTrue" computerName="AARON-HP" duration="00:00:00.0003704" startTime="2016-09-18T06:51:25.1553681-07:00" endTime="2016-09-18T06:51:25.1709953-07:00" testType="13cdc9d9-ddb5-4fa4-a97d-d965ccfc6d4b" outcome="Passed" testListId="8c84fa94-04c1-424b-9868-57a2d4851a1d" relativeResultsDirectory="447f4be7-99be-44d9-a4dd-414b961bb474">
    </UnitTestResult>
    <UnitTestResult executionId="7e9e7508-85f9-4b45-9277-ff4a0fd08edc" testId="bd9a4a21-da79-584b-dca9-c78ee84d8e19" testName="TestBlankNameReturnsFalse" computerName="AARON-HP" duration="00:00:00.0002758" startTime="2016-09-18T06:51:25.1709953-07:00" endTime="2016-09-18T06:51:25.1709953-07:00" testType="13cdc9d9-ddb5-4fa4-a97d-d965ccfc6d4b" outcome="Passed" testListId="8c84fa94-04c1-424b-9868-57a2d4851a1d" relativeResultsDirectory="7e9e7508-85f9-4b45-9277-ff4a0fd08edc">
    </UnitTestResult>
    <UnitTestResult executionId="5de42d8d-75e8-410c-98a5-c059d3f33464" testId="cf1e06c4-c7ad-91a6-5e30-be18bd3a6d02" testName="TestDollarAmountCorrectNumbertReturnsTrue" computerName="AARON-HP" duration="00:00:00.0002874" startTime="2016-09-18T06:51:25.1709953-07:00" endTime="2016-09-18T06:51:25.1866192-07:00" testType="13cdc9d9-ddb5-4fa4-a97d-d965ccfc6d4b" outcome="Passed" testListId="8c84fa94-04c1-424b-9868-57a2d4851a1d" relativeResultsDirectory="5de42d8d-75e8-410c-98a5-c059d3f33464">
    </UnitTestResult>
    <UnitTestResult executionId="5d47072d-c874-4e38-ad89-2ba3730a960e" testId="d551d814-3ba6-9128-98e4-49734d633a16" testName="TestDollarAmountNameReturnsFalse" computerName="AARON-HP" duration="00:00:00.0002878" startTime="2016-09-18T06:51:25.1866192-07:00" endTime="2016-09-18T06:51:25.1866192-07:00" testType="13cdc9d9-ddb5-4fa4-a97d-d965ccfc6d4b" outcome="Passed" testListId="8c84fa94-04c1-424b-9868-57a2d4851a1d" relativeResultsDirectory="5d47072d-c874-4e38-ad89-2ba3730a960e">
    </UnitTestResult>
    <UnitTestResult executionId="f40873b8-814a-474c-9965-1778c85fe7ca" testId="f3287d0e-6a77-00cc-26b2-359f43264c29" testName="TestDollarAmountOneDollarReturnsTrue" computerName="AARON-HP" duration="00:00:00.0002900" startTime="2016-09-18T06:51:25.1866192-07:00" endTime="2016-09-18T06:51:25.2022435-07:00" testType="13cdc9d9-ddb5-4fa4-a97d-d965ccfc6d4b" outcome="Passed" testListId="8c84fa94-04c1-424b-9868-57a2d4851a1d" relativeResultsDirectory="f40873b8-814a-474c-9965-1778c85fe7ca">
    </UnitTestResult>
  </Results>
</TestRun>