<?xml version="1.0" encoding="UTF-8"?>
<TestRun id="9020d5bd-b02b-4513-98ae-9d9ebce9bd6d" name="Aaron@AARON-HP 2016-09-18 06:34:21" runUser="Aaron-HP\Aaron" xmlns="http://microsoft.com/schemas/VisualStudio/TeamTest/2010">
  <TestSettings name="Local" id="36464539-aa33-48c7-8b6d-88c60b435c89">
    <Description>These are default test settings for a local test run.</Description>
    <Deployment enabled="false" runDeploymentRoot="Aaron_AARON-HP 2016-09-18 06_34_21">
      <DeploymentItem filename="C:\Users\Aaron\documents\visual studio 2010\Projects\tripCalculator\tripCalculator\bin\Debug\tripCalculator.exe" />
    </Deployment>
    <Execution>
      <TestTypeSpecific />
      <AgentRule name="Execution Agents">
      </AgentRule>
    </Execution>
  </TestSettings>
  <Times creation="2016-09-18T06:34:21.1152581-07:00" queuing="2016-09-18T06:34:23.3776308-07:00" start="2016-09-18T06:34:23.6201159-07:00" finish="2016-09-18T06:34:24.3424116-07:00" />
  <ResultSummary outcome="Completed">
    <Counters total="2" executed="2" passed="2" error="0" failed="0" timeout="0" aborted="0" inconclusive="0" passedButRunAborted="0" notRunnable="0" notExecuted="0" disconnected="0" warning="0" completed="0" inProgress="0" pending="0" />
  </ResultSummary>
  <TestDefinitions>
    <UnitTest name="TestMethod1" storage="c:\users\aaron\documents\visual studio 2010\projects\tripcalculator\tripcalculatortest\bin\debug\tripcalculatortest.dll" id="3adbed81-ca76-5023-2da3-1490b0bc296c">
      <Execution id="6bd1143c-4971-40ea-a313-a0ecf66b3c34" />
      <TestMethod codeBase="C:/Users/Aaron/documents/visual studio 2010/Projects/tripCalculator/tripCalculatorTest/bin/Debug/tripCalculatorTest.DLL" adapterTypeName="Microsoft.VisualStudio.TestTools.TestTypes.Unit.UnitTestAdapter, Microsoft.VisualStudio.QualityTools.Tips.UnitTest.Adapter, Version=10.0.0.0, Culture=neutral, PublicKeyToken=b03f5f7f11d50a3a" className="tripCalculatorTest.tripCalculatorTest, tripCalculatorTest, Version=1.0.0.0, Culture=neutral, PublicKeyToken=null" name="TestMethod1" />
    </UnitTest>
    <UnitTest name="TestCorrectNameWorkds" storage="c:\users\aaron\documents\visual studio 2010\projects\tripcalculator\tripcalculatortest\bin\debug\tripcalculatortest.dll" id="65cc8ca7-d068-1f10-817f-664040ce6ae0">
      <Execution id="ce328f74-57e5-4db9-a8a3-a55b42feabce" />
      <TestMethod codeBase="C:/Users/Aaron/documents/visual studio 2010/Projects/tripCalculator/tripCalculatorTest/bin/Debug/tripCalculatorTest.DLL" adapterTypeName="Microsoft.VisualStudio.TestTools.TestTypes.Unit.UnitTestAdapter, Microsoft.VisualStudio.QualityTools.Tips.UnitTest.Adapter, Version=10.0.0.0, Culture=neutral, PublicKeyToken=b03f5f7f11d50a3a" className="tripCalculatorTest.tripCalculatorTest, tripCalculatorTest, Version=1.0.0.0, Culture=neutral, PublicKeyToken=null" name="TestCorrectNameWorkds" />
    </UnitTest>
  </TestDefinitions>
  <TestLists>
    <TestList name="Results Not in a List" id="8c84fa94-04c1-424b-9868-57a2d4851a1d" />
    <TestList name="All Loaded Results" id="19431567-8539-422a-85d7-44ee4e166bda" />
  </TestLists>
  <TestEntries>
    <TestEntry testId="3adbed81-ca76-5023-2da3-1490b0bc296c" executionId="6bd1143c-4971-40ea-a313-a0ecf66b3c34" testListId="8c84fa94-04c1-424b-9868-57a2d4851a1d" />
    <TestEntry testId="65cc8ca7-d068-1f10-817f-664040ce6ae0" executionId="ce328f74-57e5-4db9-a8a3-a55b42feabce" testListId="8c84fa94-04c1-424b-9868-57a2d4851a1d" />
  </TestEntries>
  <Results>
    <UnitTestResult executionId="6bd1143c-4971-40ea-a313-a0ecf66b3c34" testId="3adbed81-ca76-5023-2da3-1490b0bc296c" testName="TestMethod1" computerName="AARON-HP" duration="00:00:00.0129650" startTime="2016-09-18T06:34:23.8423945-07:00" endTime="2016-09-18T06:34:24.2017802-07:00" testType="13cdc9d9-ddb5-4fa4-a97d-d965ccfc6d4b" outcome="Passed" testListId="8c84fa94-04c1-424b-9868-57a2d4851a1d" relativeResultsDirectory="6bd1143c-4971-40ea-a313-a0ecf66b3c34">
    </UnitTestResult>
    <UnitTestResult executionId="ce328f74-57e5-4db9-a8a3-a55b42feabce" testId="65cc8ca7-d068-1f10-817f-664040ce6ae0" testName="TestCorrectNameWorkds" computerName="AARON-HP" duration="00:00:00.0047743" startTime="2016-09-18T06:34:24.2174058-07:00" endTime="2016-09-18T06:34:24.2174058-07:00" testType="13cdc9d9-ddb5-4fa4-a97d-d965ccfc6d4b" outcome="Passed" testListId="8c84fa94-04c1-424b-9868-57a2d4851a1d" relativeResultsDirectory="ce328f74-57e5-4db9-a8a3-a55b42feabce">
    </UnitTestResult>
  </Results>
</TestRun>