<?xml version="1.0" encoding="UTF-8"?>
<TestRun id="5e9c3ad3-ee88-4225-a033-1a96cbe0628f" name="Aaron@AARON-HP 2016-09-18 06:41:59" runUser="Aaron-HP\Aaron" xmlns="http://microsoft.com/schemas/VisualStudio/TeamTest/2010">
  <TestSettings name="Local" id="36464539-aa33-48c7-8b6d-88c60b435c89">
    <Description>These are default test settings for a local test run.</Description>
    <Deployment enabled="false" runDeploymentRoot="Aaron_AARON-HP 2016-09-18 06_41_59">
      <DeploymentItem filename="C:\Users\Aaron\documents\visual studio 2010\Projects\tripCalculator\tripCalculator\bin\Debug\tripCalculator.exe" />
    </Deployment>
    <Execution>
      <TestTypeSpecific />
      <AgentRule name="Execution Agents">
      </AgentRule>
    </Execution>
  </TestSettings>
  <Times creation="2016-09-18T06:41:59.4159485-07:00" queuing="2016-09-18T06:41:59.5409526-07:00" start="2016-09-18T06:41:59.5565781-07:00" finish="2016-09-18T06:41:59.9784700-07:00" />
  <ResultSummary outcome="Completed">
    <Counters total="7" executed="7" passed="7" error="0" failed="0" timeout="0" aborted="0" inconclusive="0" passedButRunAborted="0" notRunnable="0" notExecuted="0" disconnected="0" warning="0" completed="0" inProgress="0" pending="0" />
  </ResultSummary>
  <TestDefinitions>
    <UnitTest name="TestBlankNameReturnsFalse" storage="c:\users\aaron\documents\visual studio 2010\projects\tripcalculator\tripcalculatortest\bin\debug\tripcalculatortest.dll" id="bd9a4a21-da79-584b-dca9-c78ee84d8e19">
      <Execution id="0ad717de-d6b3-4f51-8723-eed33ff20e2b" />
      <TestMethod codeBase="C:/Users/Aaron/documents/visual studio 2010/Projects/tripCalculator/tripCalculatorTest/bin/Debug/tripCalculatorTest.DLL" adapterTypeName="Microsoft.VisualStudio.TestTools.TestTypes.Unit.UnitTestAdapter, Microsoft.VisualStudio.QualityTools.Tips.UnitTest.Adapter, Version=10.0.0.0, Culture=neutral, PublicKeyToken=b03f5f7f11d50a3a" className="tripCalculatorTest.tripCalculatorTest, tripCalculatorTest, Version=1.0.0.0, Culture=neutral, PublicKeyToken=null" name="TestBlankNameReturnsFalse" />
    </UnitTest>
    <UnitTest name="TestDollarAmountNameReturnsFalse" storage="c:\users\aaron\documents\visual studio 2010\projects\tripcalculator\tripcalculatortest\bin\debug\tripcalculatortest.dll" id="d551d814-3ba6-9128-98e4-49734d633a16">
      <Execution id="811dbd9c-8dfe-46c0-8cda-c3656533c5cf" />
      <TestMethod codeBase="C:/Users/Aaron/documents/visual studio 2010/Projects/tripCalculator/tripCalculatorTest/bin/Debug/tripCalculatorTest.DLL" adapterTypeName="Microsoft.VisualStudio.TestTools.TestTypes.Unit.UnitTestAdapter, Microsoft.VisualStudio.QualityTools.Tips.UnitTest.Adapter, Version=10.0.0.0, Culture=neutral, PublicKeyToken=b03f5f7f11d50a3a" className="tripCalculatorTest.tripCalculatorTest, tripCalculatorTest, Version=1.0.0.0, Culture=neutral, PublicKeyToken=null" name="TestDollarAmountNameReturnsFalse" />
    </UnitTest>
    <UnitTest name="TestDollarAmountNegativeNumberReturnsFalse" storage="c:\users\aaron\documents\visual studio 2010\projects\tripcalculator\tripcalculatortest\bin\debug\tripcalculatortest.dll" id="086cca26-41c7-6ef3-2c97-d63cfa95047f">
      <Execution id="69d16a0d-97cb-4c2e-b04a-f600e554bc02" />
      <TestMethod codeBase="C:/Users/Aaron/documents/visual studio 2010/Projects/tripCalculator/tripCalculatorTest/bin/Debug/tripCalculatorTest.DLL" adapterTypeName="Microsoft.VisualStudio.TestTools.TestTypes.Unit.UnitTestAdapter, Microsoft.VisualStudio.QualityTools.Tips.UnitTest.Adapter, Version=10.0.0.0, Culture=neutral, PublicKeyToken=b03f5f7f11d50a3a" className="tripCalculatorTest.tripCalculatorTest, tripCalculatorTest, Version=1.0.0.0, Culture=neutral, PublicKeyToken=null" name="TestDollarAmountNegativeNumberReturnsFalse" />
    </UnitTest>
    <UnitTest name="TestIncorrectSpellingReturnsFalse" storage="c:\users\aaron\documents\visual studio 2010\projects\tripcalculator\tripcalculatortest\bin\debug\tripcalculatortest.dll" id="41d4b1fd-5db9-4984-0a52-230f88bb479f">
      <Execution id="930548c6-f079-4f73-b3d0-2f14e1515d21" />
      <TestMethod codeBase="C:/Users/Aaron/documents/visual studio 2010/Projects/tripCalculator/tripCalculatorTest/bin/Debug/tripCalculatorTest.DLL" adapterTypeName="Microsoft.VisualStudio.TestTools.TestTypes.Unit.UnitTestAdapter, Microsoft.VisualStudio.QualityTools.Tips.UnitTest.Adapter, Version=10.0.0.0, Culture=neutral, PublicKeyToken=b03f5f7f11d50a3a" className="tripCalculatorTest.tripCalculatorTest, tripCalculatorTest, Version=1.0.0.0, Culture=neutral, PublicKeyToken=null" name="TestIncorrectSpellingReturnsFalse" />
    </UnitTest>
    <UnitTest name="TestDollarAmountBlankReturnsFalse" storage="c:\users\aaron\documents\visual studio 2010\projects\tripcalculator\tripcalculatortest\bin\debug\tripcalculatortest.dll" id="188cb59a-fb5c-a7e4-d23a-ef8a757c8248">
      <Execution id="1fc9988f-1ab6-407e-be52-f35e7eec379a" />
      <TestMethod codeBase="C:/Users/Aaron/documents/visual studio 2010/Projects/tripCalculator/tripCalculatorTest/bin/Debug/tripCalculatorTest.DLL" adapterTypeName="Microsoft.VisualStudio.TestTools.TestTypes.Unit.UnitTestAdapter, Microsoft.VisualStudio.QualityTools.Tips.UnitTest.Adapter, Version=10.0.0.0, Culture=neutral, PublicKeyToken=b03f5f7f11d50a3a" className="tripCalculatorTest.tripCalculatorTest, tripCalculatorTest, Version=1.0.0.0, Culture=neutral, PublicKeyToken=null" name="TestDollarAmountBlankReturnsFalse" />
    </UnitTest>
    <UnitTest name="TestCorrectNameWorks" storage="c:\users\aaron\documents\visual studio 2010\projects\tripcalculator\tripcalculatortest\bin\debug\tripcalculatortest.dll" id="6f27d419-20f9-c965-146b-dd72865af8f0">
      <Execution id="db976930-84a3-4d12-a152-f51664697ed3" />
      <TestMethod codeBase="C:/Users/Aaron/documents/visual studio 2010/Projects/tripCalculator/tripCalculatorTest/bin/Debug/tripCalculatorTest.DLL" adapterTypeName="Microsoft.VisualStudio.TestTools.TestTypes.Unit.UnitTestAdapter, Microsoft.VisualStudio.QualityTools.Tips.UnitTest.Adapter, Version=10.0.0.0, Culture=neutral, PublicKeyToken=b03f5f7f11d50a3a" className="tripCalculatorTest.tripCalculatorTest, tripCalculatorTest, Version=1.0.0.0, Culture=neutral, PublicKeyToken=null" name="TestCorrectNameWorks" />
    </UnitTest>
    <UnitTest name="TestNameWithNumbersReturnsFalse" storage="c:\users\aaron\documents\visual studio 2010\projects\tripcalculator\tripcalculatortest\bin\debug\tripcalculatortest.dll" id="a46b5d79-db81-eb2b-e033-f652d3c531da">
      <Execution id="f47573bc-f8c4-4ea5-91db-5d4fd76b0606" />
      <TestMethod codeBase="C:/Users/Aaron/documents/visual studio 2010/Projects/tripCalculator/tripCalculatorTest/bin/Debug/tripCalculatorTest.DLL" adapterTypeName="Microsoft.VisualStudio.TestTools.TestTypes.Unit.UnitTestAdapter, Microsoft.VisualStudio.QualityTools.Tips.UnitTest.Adapter, Version=10.0.0.0, Culture=neutral, PublicKeyToken=b03f5f7f11d50a3a" className="tripCalculatorTest.tripCalculatorTest, tripCalculatorTest, Version=1.0.0.0, Culture=neutral, PublicKeyToken=null" name="TestNameWithNumbersReturnsFalse" />
    </UnitTest>
  </TestDefinitions>
  <TestLists>
    <TestList name="Results Not in a List" id="8c84fa94-04c1-424b-9868-57a2d4851a1d" />
    <TestList name="All Loaded Results" id="19431567-8539-422a-85d7-44ee4e166bda" />
  </TestLists>
  <TestEntries>
    <TestEntry testId="086cca26-41c7-6ef3-2c97-d63cfa95047f" executionId="69d16a0d-97cb-4c2e-b04a-f600e554bc02" testListId="8c84fa94-04c1-424b-9868-57a2d4851a1d" />
    <TestEntry testId="188cb59a-fb5c-a7e4-d23a-ef8a757c8248" executionId="1fc9988f-1ab6-407e-be52-f35e7eec379a" testListId="8c84fa94-04c1-424b-9868-57a2d4851a1d" />
    <TestEntry testId="41d4b1fd-5db9-4984-0a52-230f88bb479f" executionId="930548c6-f079-4f73-b3d0-2f14e1515d21" testListId="8c84fa94-04c1-424b-9868-57a2d4851a1d" />
    <TestEntry testId="6f27d419-20f9-c965-146b-dd72865af8f0" executionId="db976930-84a3-4d12-a152-f51664697ed3" testListId="8c84fa94-04c1-424b-9868-57a2d4851a1d" />
    <TestEntry testId="a46b5d79-db81-eb2b-e033-f652d3c531da" executionId="f47573bc-f8c4-4ea5-91db-5d4fd76b0606" testListId="8c84fa94-04c1-424b-9868-57a2d4851a1d" />
    <TestEntry testId="bd9a4a21-da79-584b-dca9-c78ee84d8e19" executionId="0ad717de-d6b3-4f51-8723-eed33ff20e2b" testListId="8c84fa94-04c1-424b-9868-57a2d4851a1d" />
    <TestEntry testId="d551d814-3ba6-9128-98e4-49734d633a16" executionId="811dbd9c-8dfe-46c0-8cda-c3656533c5cf" testListId="8c84fa94-04c1-424b-9868-57a2d4851a1d" />
  </TestEntries>
  <Results>
    <UnitTestResult executionId="69d16a0d-97cb-4c2e-b04a-f600e554bc02" testId="086cca26-41c7-6ef3-2c97-d63cfa95047f" testName="TestDollarAmountNegativeNumberReturnsFalse" computerName="AARON-HP" duration="00:00:00.0196004" startTime="2016-09-18T06:41:59.5565781-07:00" endTime="2016-09-18T06:41:59.8690893-07:00" testType="13cdc9d9-ddb5-4fa4-a97d-d965ccfc6d4b" outcome="Passed" testListId="8c84fa94-04c1-424b-9868-57a2d4851a1d" relativeResultsDirectory="69d16a0d-97cb-4c2e-b04a-f600e554bc02">
    </UnitTestResult>
    <UnitTestResult executionId="1fc9988f-1ab6-407e-be52-f35e7eec379a" testId="188cb59a-fb5c-a7e4-d23a-ef8a757c8248" testName="TestDollarAmountBlankReturnsFalse" computerName="AARON-HP" duration="00:00:00.0003922" startTime="2016-09-18T06:41:59.8847149-07:00" endTime="2016-09-18T06:41:59.8847149-07:00" testType="13cdc9d9-ddb5-4fa4-a97d-d965ccfc6d4b" outcome="Passed" testListId="8c84fa94-04c1-424b-9868-57a2d4851a1d" relativeResultsDirectory="1fc9988f-1ab6-407e-be52-f35e7eec379a">
    </UnitTestResult>
    <UnitTestResult executionId="930548c6-f079-4f73-b3d0-2f14e1515d21" testId="41d4b1fd-5db9-4984-0a52-230f88bb479f" testName="TestIncorrectSpellingReturnsFalse" computerName="AARON-HP" duration="00:00:00.0006484" startTime="2016-09-18T06:41:59.8847149-07:00" endTime="2016-09-18T06:41:59.9003413-07:00" testType="13cdc9d9-ddb5-4fa4-a97d-d965ccfc6d4b" outcome="Passed" testListId="8c84fa94-04c1-424b-9868-57a2d4851a1d" relativeResultsDirectory="930548c6-f079-4f73-b3d0-2f14e1515d21">
    </UnitTestResult>
    <UnitTestResult executionId="db976930-84a3-4d12-a152-f51664697ed3" testId="6f27d419-20f9-c965-146b-dd72865af8f0" testName="TestCorrectNameWorks" computerName="AARON-HP" duration="00:00:00.0003096" startTime="2016-09-18T06:41:59.9003413-07:00" endTime="2016-09-18T06:41:59.9003413-07:00" testType="13cdc9d9-ddb5-4fa4-a97d-d965ccfc6d4b" outcome="Passed" testListId="8c84fa94-04c1-424b-9868-57a2d4851a1d" relativeResultsDirectory="db976930-84a3-4d12-a152-f51664697ed3">
    </UnitTestResult>
    <UnitTestResult executionId="f47573bc-f8c4-4ea5-91db-5d4fd76b0606" testId="a46b5d79-db81-eb2b-e033-f652d3c531da" testName="TestNameWithNumbersReturnsFalse" computerName="AARON-HP" duration="00:00:00.0003802" startTime="2016-09-18T06:41:59.9159673-07:00" endTime="2016-09-18T06:41:59.9159673-07:00" testType="13cdc9d9-ddb5-4fa4-a97d-d965ccfc6d4b" outcome="Passed" testListId="8c84fa94-04c1-424b-9868-57a2d4851a1d" relativeResultsDirectory="f47573bc-f8c4-4ea5-91db-5d4fd76b0606">
    </UnitTestResult>
    <UnitTestResult executionId="0ad717de-d6b3-4f51-8723-eed33ff20e2b" testId="bd9a4a21-da79-584b-dca9-c78ee84d8e19" testName="TestBlankNameReturnsFalse" computerName="AARON-HP" duration="00:00:00.0003776" startTime="2016-09-18T06:41:59.9159673-07:00" endTime="2016-09-18T06:41:59.9315920-07:00" testType="13cdc9d9-ddb5-4fa4-a97d-d965ccfc6d4b" outcome="Passed" testListId="8c84fa94-04c1-424b-9868-57a2d4851a1d" relativeResultsDirectory="0ad717de-d6b3-4f51-8723-eed33ff20e2b">
    </UnitTestResult>
    <UnitTestResult executionId="811dbd9c-8dfe-46c0-8cda-c3656533c5cf" testId="d551d814-3ba6-9128-98e4-49734d633a16" testName="TestDollarAmountNameReturnsFalse" computerName="AARON-HP" duration="00:00:00.0004007" startTime="2016-09-18T06:41:59.9315920-07:00" endTime="2016-09-18T06:41:59.9315920-07:00" testType="13cdc9d9-ddb5-4fa4-a97d-d965ccfc6d4b" outcome="Passed" testListId="8c84fa94-04c1-424b-9868-57a2d4851a1d" relativeResultsDirectory="811dbd9c-8dfe-46c0-8cda-c3656533c5cf">
    </UnitTestResult>
  </Results>
</TestRun>